
> app@0.1.0 build
> next build

   ▲ Next.js 16.0.3 (Turbopack)

   Creating an optimized production build ...
Turbopack build encountered 3 warnings:
[next]/internal/font/google/inter_bace89c4.module.css
Error while requesting resource
There was an issue establishing a connection while requesting https://fonts.googleapis.com/css2?family=Inter:wght@100..900&display=swap


[next]/internal/font/google/noto_sans_tc_9250a5e4.module.css
Error while requesting resource
There was an issue establishing a connection while requesting https://fonts.googleapis.com/css2?family=Noto+Sans+TC:wght@400;500;700;900&display=swap


[next]/internal/font/google/space_grotesk_f7a5bcde.module.css
Error while requesting resource
There was an issue establishing a connection while requesting https://fonts.googleapis.com/css2?family=Space+Grotesk:wght@300..700&display=swap



> Build error occurred
Error: Turbopack build failed with 3 errors:
[next]/internal/font/google/inter_bace89c4.module.css
next/font: error:
Failed to fetch `Inter` from Google Fonts.


[next]/internal/font/google/noto_sans_tc_9250a5e4.module.css
next/font: error:
Failed to fetch `Noto Sans TC` from Google Fonts.


[next]/internal/font/google/space_grotesk_f7a5bcde.module.css
next/font: error:
Failed to fetch `Space Grotesk` from Google Fonts.


    at ignore-listed frames
